# JRE version: Java(TM) SE Runtime Environment (8.0_172-b11) (build 1.8.0_172-b11)
# Java VM: Java HotSpot(TM) 64-Bit Server VM (25.172-b11 mixed mode windows-amd64 compressed oops)
Heap:
 PSYoungGen      total 38400K, used 5776K [0x00000000d5d80000, 0x00000000d8800000, 0x0000000100000000)
  eden space 33280K, 16% used [0x00000000d5d80000,0x00000000d62e3970,0x00000000d7e00000)
  from space 5120K, 5% used [0x00000000d8300000,0x00000000d83407e0,0x00000000d8800000)
  to   space 5120K, 0% used [0x00000000d7e00000,0x00000000d7e00000,0x00000000d8300000)
 ParOldGen       total 46592K, used 14571K [0x0000000081800000, 0x0000000084580000, 0x00000000d5d80000)
  object space 46592K, 31% used [0x0000000081800000,0x000000008263ae98,0x0000000084580000)
 Metaspace       used 41609K, capacity 44133K, committed 44716K, reserved 1093632K
  class space    used 5779K, capacity 6254K, committed 6316K, reserved 1048576K
GC Heap History (10 events):
Event: 19.853 GC heap before
{Heap before GC invocations=21 (full 3):
 PSYoungGen      total 38400K, used 144K [0x00000000d5d80000, 0x00000000d8800000, 0x0000000100000000)
  eden space 33280K, 0% used [0x00000000d5d80000,0x00000000d5da40b0,0x00000000d7e00000)
  from space 5120K, 0% used [0x00000000d7e00000,0x00000000d7e00000,0x00000000d8300000)
  to   space 5120K, 0% used [0x00000000d8300000,0x00000000d8300000,0x00000000d8800000)
 ParOldGen       total 46592K, used 18062K [0x0000000081800000, 0x0000000084580000, 0x00000000d5d80000)
  object space 46592K, 38% used [0x0000000081800000,0x00000000829a3ad0,0x0000000084580000)
 Metaspace       used 41774K, capacity 44365K, committed 44460K, reserved 1095680K
  class space    used 5804K, capacity 6308K, committed 6316K, reserved 1048576K
Event: 19.854 GC heap after
Heap after GC invocations=21 (full 3):
 PSYoungGen      total 38400K, used 96K [0x00000000d5d80000, 0x00000000d8800000, 0x0000000100000000)
  eden space 33280K, 0% used [0x00000000d5d80000,0x00000000d5d80000,0x00000000d7e00000)
  from space 5120K, 1% used [0x00000000d8300000,0x00000000d8318000,0x00000000d8800000)
  to   space 5120K, 0% used [0x00000000d7e00000,0x00000000d7e00000,0x00000000d8300000)
 ParOldGen       total 46592K, used 18062K [0x0000000081800000, 0x0000000084580000, 0x00000000d5d80000)
  object space 46592K, 38% used [0x0000000081800000,0x00000000829a3ad0,0x0000000084580000)
 Metaspace       used 41774K, capacity 44365K, committed 44460K, reserved 1095680K
  class space    used 5804K, capacity 6308K, committed 6316K, reserved 1048576K
}
Event: 19.854 GC heap before
{Heap before GC invocations=22 (full 4):
 PSYoungGen      total 38400K, used 96K [0x00000000d5d80000, 0x00000000d8800000, 0x0000000100000000)
  eden space 33280K, 0% used [0x00000000d5d80000,0x00000000d5d80000,0x00000000d7e00000)
  from space 5120K, 1% used [0x00000000d8300000,0x00000000d8318000,0x00000000d8800000)
  to   space 5120K, 0% used [0x00000000d7e00000,0x00000000d7e00000,0x00000000d8300000)
 ParOldGen       total 46592K, used 18062K [0x0000000081800000, 0x0000000084580000, 0x00000000d5d80000)
  object space 46592K, 38% used [0x0000000081800000,0x00000000829a3ad0,0x0000000084580000)
 Metaspace       used 41774K, capacity 44365K, committed 44460K, reserved 1095680K
  class space    used 5804K, capacity 6308K, committed 6316K, reserved 1048576K
Event: 19.885 GC heap after
Heap after GC invocations=22 (full 4):
 PSYoungGen      total 38400K, used 0K [0x00000000d5d80000, 0x00000000d8800000, 0x0000000100000000)
  eden space 33280K, 0% used [0x00000000d5d80000,0x00000000d5d80000,0x00000000d7e00000)
  from space 5120K, 0% used [0x00000000d8300000,0x00000000d8300000,0x00000000d8800000)
  to   space 5120K, 0% used [0x00000000d7e00000,0x00000000d7e00000,0x00000000d8300000)
 ParOldGen       total 46592K, used 18057K [0x0000000081800000, 0x0000000084580000, 0x00000000d5d80000)
  object space 46592K, 38% used [0x0000000081800000,0x00000000829a27b0,0x0000000084580000)
 Metaspace       used 41774K, capacity 44365K, committed 44460K, reserved 1091584K
  class space    used 5804K, capacity 6308K, committed 6316K, reserved 1048576K
}
Event: 19.885 GC heap before
{Heap before GC invocations=23 (full 4):
 PSYoungGen      total 38400K, used 0K [0x00000000d5d80000, 0x00000000d8800000, 0x0000000100000000)
  eden space 33280K, 0% used [0x00000000d5d80000,0x00000000d5d80000,0x00000000d7e00000)
  from space 5120K, 0% used [0x00000000d8300000,0x00000000d8300000,0x00000000d8800000)
  to   space 5120K, 0% used [0x00000000d7e00000,0x00000000d7e00000,0x00000000d8300000)
 ParOldGen       total 46592K, used 18057K [0x0000000081800000, 0x0000000084580000, 0x00000000d5d80000)
  object space 46592K, 38% used [0x0000000081800000,0x00000000829a27b0,0x0000000084580000)
 Metaspace       used 41774K, capacity 44365K, committed 44460K, reserved 1095680K
  class space    used 5804K, capacity 6308K, committed 6316K, reserved 1048576K
Event: 19.886 GC heap after
Heap after GC invocations=23 (full 4):
 PSYoungGen      total 38400K, used 0K [0x00000000d5d80000, 0x00000000d8800000, 0x0000000100000000)
  eden space 33280K, 0% used [0x00000000d5d80000,0x00000000d5d80000,0x00000000d7e00000)
  from space 5120K, 0% used [0x00000000d7e00000,0x00000000d7e00000,0x00000000d8300000)
  to   space 5120K, 0% used [0x00000000d8300000,0x00000000d8300000,0x00000000d8800000)
 ParOldGen       total 46592K, used 18057K [0x0000000081800000, 0x0000000084580000, 0x00000000d5d80000)
  object space 46592K, 38% used [0x0000000081800000,0x00000000829a27b0,0x0000000084580000)
 Metaspace       used 41774K, capacity 44365K, committed 44460K, reserved 1095680K
  class space    used 5804K, capacity 6308K, committed 6316K, reserved 1048576K
}
Event: 19.886 GC heap before
{Heap before GC invocations=24 (full 5):
 PSYoungGen      total 38400K, used 0K [0x00000000d5d80000, 0x00000000d8800000, 0x0000000100000000)
  eden space 33280K, 0% used [0x00000000d5d80000,0x00000000d5d80000,0x00000000d7e00000)
  from space 5120K, 0% used [0x00000000d7e00000,0x00000000d7e00000,0x00000000d8300000)
  to   space 5120K, 0% used [0x00000000d8300000,0x00000000d8300000,0x00000000d8800000)
 ParOldGen       total 46592K, used 18057K [0x0000000081800000, 0x0000000084580000, 0x00000000d5d80000)
  object space 46592K, 38% used [0x0000000081800000,0x00000000829a27b0,0x0000000084580000)
 Metaspace       used 41774K, capacity 44365K, committed 44460K, reserved 1095680K
  class space    used 5804K, capacity 6308K, committed 6316K, reserved 1048576K
Event: 19.971 GC heap after
Heap after GC invocations=24 (full 5):
 PSYoungGen      total 38400K, used 0K [0x00000000d5d80000, 0x00000000d8800000, 0x0000000100000000)
  eden space 33280K, 0% used [0x00000000d5d80000,0x00000000d5d80000,0x00000000d7e00000)
  from space 5120K, 0% used [0x00000000d7e00000,0x00000000d7e00000,0x00000000d8300000)
  to   space 5120K, 0% used [0x00000000d8300000,0x00000000d8300000,0x00000000d8800000)
 ParOldGen       total 46592K, used 14563K [0x0000000081800000, 0x0000000084580000, 0x00000000d5d80000)
  object space 46592K, 31% used [0x0000000081800000,0x0000000082638e98,0x0000000084580000)
 Metaspace       used 41578K, capacity 44049K, committed 44460K, reserved 1091584K
  class space    used 5771K, capacity 6248K, committed 6316K, reserved 1048576K
}
Event: 20.056 GC heap before
{Heap before GC invocations=25 (full 5):
 PSYoungGen      total 38400K, used 33230K [0x00000000d5d80000, 0x00000000d8800000, 0x0000000100000000)
  eden space 33280K, 99% used [0x00000000d5d80000,0x00000000d7df39a8,0x00000000d7e00000)
  from space 5120K, 0% used [0x00000000d7e00000,0x00000000d7e00000,0x00000000d8300000)
  to   space 5120K, 0% used [0x00000000d8300000,0x00000000d8300000,0x00000000d8800000)
 ParOldGen       total 46592K, used 14563K [0x0000000081800000, 0x0000000084580000, 0x00000000d5d80000)
  object space 46592K, 31% used [0x0000000081800000,0x0000000082638e98,0x0000000084580000)
 Metaspace       used 41599K, capacity 44117K, committed 44716K, reserved 1093632K
  class space    used 5774K, capacity 6250K, committed 6316K, reserved 1048576K
Event: 20.058 GC heap after
Heap after GC invocations=25 (full 5):
 PSYoungGen      total 38400K, used 257K [0x00000000d5d80000, 0x00000000d8800000, 0x0000000100000000)
  eden space 33280K, 0% used [0x00000000d5d80000,0x00000000d5d80000,0x00000000d7e00000)
  from space 5120K, 5% used [0x00000000d8300000,0x00000000d83407e0,0x00000000d8800000)
  to   space 5120K, 0% used [0x00000000d7e00000,0x00000000d7e00000,0x00000000d8300000)
 ParOldGen       total 46592K, used 14571K [0x0000000081800000, 0x0000000084580000, 0x00000000d5d80000)
  object space 46592K, 31% used [0x0000000081800000,0x000000008263ae98,0x0000000084580000)
 Metaspace       used 41599K, capacity 44117K, committed 44716K, reserved 1093632K
  class space    used 5774K, capacity 6250K, committed 6316K, reserved 1048576K
}

